<?xml version="1.0" encoding="UTF-8"?>
<!-- Generated by org.testng.reporters.JUnitReportReporter -->
<testsuite hostname="CPDK034" failures="0" tests="1" name="CucumberTestRunner.POMTestrunner" time="14.526" errors="0" timestamp="2024-07-12T10:04:00 IST" skipped="0">
  <testcase classname="CucumberTestRunner.POMTestrunner" name="runScenario" time="14.526"/>
</testsuite> <!-- CucumberTestRunner.POMTestrunner -->
