<?xml version="1.0" encoding="UTF-8"?>
<!-- Generated by org.testng.reporters.JUnitReportReporter -->
<testsuite hostname="CPDK034" failures="0" tests="1" name="com.TestApp.TestRegisterationPage" time="33.919" errors="0" timestamp="2024-07-10T13:01:32 IST" skipped="0">
  <testcase classname="com.TestApp.TestRegisterationPage" name="testRegisterationPage" time="33.919"/>
</testsuite> <!-- com.TestApp.TestRegisterationPage -->
